Analysis & Synthesis report for BC_I
Thu Dec 05 23:14:47 2024
Quartus II 64-Bit Version 13.1.0 Build 162 10/23/2013 SJ Web Edition


---------------------
; Table of Contents ;
---------------------
  1. Legal Notice
  2. Analysis & Synthesis Summary
  3. Analysis & Synthesis Settings
  4. Parallel Compilation
  5. Analysis & Synthesis Source Files Read
  6. Analysis & Synthesis Resource Usage Summary
  7. Analysis & Synthesis Resource Utilization by Entity
  8. Analysis & Synthesis RAM Summary
  9. General Register Statistics
 10. Inverted Register Statistics
 11. Registers Added for RAM Pass-Through Logic
 12. Multiplexer Restructuring Statistics (Restructuring Performed)
 13. Source assignments for Datapath:DATAPATH_UNIT|MemoryUnit:M|altsyncram:memory_rtl_0|altsyncram_ken1:auto_generated
 14. Parameter Settings for User Entity Instance: Controller:CONTROL_UNIT
 15. Parameter Settings for User Entity Instance: Controller:CONTROL_UNIT|generic_register:I_FF
 16. Parameter Settings for User Entity Instance: Controller:CONTROL_UNIT|generic_register:I_FF|MUX_8_1:mux1
 17. Parameter Settings for User Entity Instance: Controller:CONTROL_UNIT|generic_register:R_FF
 18. Parameter Settings for User Entity Instance: Controller:CONTROL_UNIT|generic_register:R_FF|MUX_8_1:mux1
 19. Parameter Settings for User Entity Instance: Controller:CONTROL_UNIT|generic_register:S_FF
 20. Parameter Settings for User Entity Instance: Controller:CONTROL_UNIT|generic_register:S_FF|MUX_8_1:mux1
 21. Parameter Settings for User Entity Instance: Controller:CONTROL_UNIT|comb_control_logic:COMBCONTROL
 22. Parameter Settings for User Entity Instance: Datapath:DATAPATH_UNIT
 23. Parameter Settings for User Entity Instance: Datapath:DATAPATH_UNIT|MUX_8_1:BUS
 24. Parameter Settings for User Entity Instance: Datapath:DATAPATH_UNIT|ALU:ALU1
 25. Parameter Settings for User Entity Instance: Datapath:DATAPATH_UNIT|MemoryUnit:M
 26. Parameter Settings for User Entity Instance: Datapath:DATAPATH_UNIT|generic_register:AR
 27. Parameter Settings for User Entity Instance: Datapath:DATAPATH_UNIT|generic_register:AR|MUX_8_1:mux1
 28. Parameter Settings for User Entity Instance: Datapath:DATAPATH_UNIT|generic_register:PC
 29. Parameter Settings for User Entity Instance: Datapath:DATAPATH_UNIT|generic_register:PC|MUX_8_1:mux1
 30. Parameter Settings for User Entity Instance: Datapath:DATAPATH_UNIT|generic_register:DR
 31. Parameter Settings for User Entity Instance: Datapath:DATAPATH_UNIT|generic_register:DR|MUX_8_1:mux1
 32. Parameter Settings for User Entity Instance: Datapath:DATAPATH_UNIT|generic_register:AC
 33. Parameter Settings for User Entity Instance: Datapath:DATAPATH_UNIT|generic_register:AC|MUX_8_1:mux1
 34. Parameter Settings for User Entity Instance: Datapath:DATAPATH_UNIT|generic_register:IR
 35. Parameter Settings for User Entity Instance: Datapath:DATAPATH_UNIT|generic_register:IR|MUX_8_1:mux1
 36. Parameter Settings for User Entity Instance: Datapath:DATAPATH_UNIT|generic_register:TR
 37. Parameter Settings for User Entity Instance: Datapath:DATAPATH_UNIT|generic_register:TR|MUX_8_1:mux1
 38. Parameter Settings for User Entity Instance: Datapath:DATAPATH_UNIT|generic_register:CO_FF
 39. Parameter Settings for User Entity Instance: Datapath:DATAPATH_UNIT|generic_register:CO_FF|MUX_8_1:mux1
 40. Parameter Settings for User Entity Instance: Datapath:DATAPATH_UNIT|generic_register:IEN_FF
 41. Parameter Settings for User Entity Instance: Datapath:DATAPATH_UNIT|generic_register:IEN_FF|MUX_8_1:mux1
 42. Parameter Settings for Inferred Entity Instance: Datapath:DATAPATH_UNIT|MemoryUnit:M|altsyncram:memory_rtl_0
 43. altsyncram Parameter Settings by Entity Instance
 44. Port Connectivity Checks: "Datapath:DATAPATH_UNIT|generic_register:IEN_FF"
 45. Port Connectivity Checks: "Datapath:DATAPATH_UNIT|generic_register:DR|MUX_8_1:mux1"
 46. Port Connectivity Checks: "Datapath:DATAPATH_UNIT|generic_register:AR|MUX_8_1:mux1"
 47. Port Connectivity Checks: "Datapath:DATAPATH_UNIT|MUX_8_1:BUS"
 48. Port Connectivity Checks: "Datapath:DATAPATH_UNIT"
 49. Port Connectivity Checks: "Controller:CONTROL_UNIT|generic_register:S_FF"
 50. Port Connectivity Checks: "Controller:CONTROL_UNIT|generic_register:R_FF"
 51. Port Connectivity Checks: "Controller:CONTROL_UNIT|generic_register:I_FF|MUX_8_1:mux1"
 52. Port Connectivity Checks: "Controller:CONTROL_UNIT|generic_register:I_FF"
 53. Elapsed Time Per Partition
 54. Analysis & Synthesis Messages
 55. Analysis & Synthesis Suppressed Messages



----------------
; Legal Notice ;
----------------
Copyright (C) 1991-2013 Altera Corporation
Your use of Altera Corporation's design tools, logic functions 
and other software and tools, and its AMPP partner logic 
functions, and any output files from any of the foregoing 
(including device programming or simulation files), and any 
associated documentation or information are expressly subject 
to the terms and conditions of the Altera Program License 
Subscription Agreement, Altera MegaCore Function License 
Agreement, or other applicable license agreement, including, 
without limitation, that your use is for the sole purpose of 
programming logic devices manufactured by Altera and sold by 
Altera or its authorized distributors.  Please refer to the 
applicable agreement for further details.



+------------------------------------------------------------------------------+
; Analysis & Synthesis Summary                                                 ;
+---------------------------------+--------------------------------------------+
; Analysis & Synthesis Status     ; Successful - Thu Dec 05 23:14:47 2024      ;
; Quartus II 64-Bit Version       ; 13.1.0 Build 162 10/23/2013 SJ Web Edition ;
; Revision Name                   ; BC_I                                       ;
; Top-level Entity Name           ; BC_I                                       ;
; Family                          ; Cyclone V                                  ;
; Logic utilization (in ALMs)     ; N/A                                        ;
; Total registers                 ; 154                                        ;
; Total pins                      ; 74                                         ;
; Total virtual pins              ; 0                                          ;
; Total block memory bits         ; 65,536                                     ;
; Total DSP Blocks                ; 0                                          ;
; Total HSSI RX PCSs              ; 0                                          ;
; Total HSSI PMA RX Deserializers ; 0                                          ;
; Total HSSI TX PCSs              ; 0                                          ;
; Total HSSI TX Channels          ; 0                                          ;
; Total PLLs                      ; 0                                          ;
; Total DLLs                      ; 0                                          ;
+---------------------------------+--------------------------------------------+


+---------------------------------------------------------------------------------------------------------------------------+
; Analysis & Synthesis Settings                                                                                             ;
+---------------------------------------------------------------------------------+--------------------+--------------------+
; Option                                                                          ; Setting            ; Default Value      ;
+---------------------------------------------------------------------------------+--------------------+--------------------+
; Device                                                                          ; 5CGXFC7C7F23C8     ;                    ;
; Top-level entity name                                                           ; BC_I               ; BC_I               ;
; Family name                                                                     ; Cyclone V          ; Cyclone IV GX      ;
; Use smart compilation                                                           ; Off                ; Off                ;
; Enable parallel Assembler and TimeQuest Timing Analyzer during compilation      ; On                 ; On                 ;
; Enable compact report table                                                     ; Off                ; Off                ;
; Restructure Multiplexers                                                        ; Auto               ; Auto               ;
; MLAB Add Timing Constraints For Mixed-Port Feed-Through Mode Setting Don't Care ; Off                ; Off                ;
; Create Debugging Nodes for IP Cores                                             ; Off                ; Off                ;
; Preserve fewer node names                                                       ; On                 ; On                 ;
; Disable OpenCore Plus hardware evaluation                                       ; Off                ; Off                ;
; Verilog Version                                                                 ; Verilog_2001       ; Verilog_2001       ;
; VHDL Version                                                                    ; VHDL_1993          ; VHDL_1993          ;
; State Machine Processing                                                        ; Auto               ; Auto               ;
; Safe State Machine                                                              ; Off                ; Off                ;
; Extract Verilog State Machines                                                  ; On                 ; On                 ;
; Extract VHDL State Machines                                                     ; On                 ; On                 ;
; Ignore Verilog initial constructs                                               ; Off                ; Off                ;
; Iteration limit for constant Verilog loops                                      ; 5000               ; 5000               ;
; Iteration limit for non-constant Verilog loops                                  ; 250                ; 250                ;
; Add Pass-Through Logic to Inferred RAMs                                         ; On                 ; On                 ;
; Infer RAMs from Raw Logic                                                       ; On                 ; On                 ;
; Parallel Synthesis                                                              ; On                 ; On                 ;
; DSP Block Balancing                                                             ; Auto               ; Auto               ;
; NOT Gate Push-Back                                                              ; On                 ; On                 ;
; Power-Up Don't Care                                                             ; On                 ; On                 ;
; Remove Redundant Logic Cells                                                    ; Off                ; Off                ;
; Remove Duplicate Registers                                                      ; On                 ; On                 ;
; Ignore CARRY Buffers                                                            ; Off                ; Off                ;
; Ignore CASCADE Buffers                                                          ; Off                ; Off                ;
; Ignore GLOBAL Buffers                                                           ; Off                ; Off                ;
; Ignore ROW GLOBAL Buffers                                                       ; Off                ; Off                ;
; Ignore LCELL Buffers                                                            ; Off                ; Off                ;
; Ignore SOFT Buffers                                                             ; On                 ; On                 ;
; Limit AHDL Integers to 32 Bits                                                  ; Off                ; Off                ;
; Optimization Technique                                                          ; Balanced           ; Balanced           ;
; Carry Chain Length                                                              ; 70                 ; 70                 ;
; Auto Carry Chains                                                               ; On                 ; On                 ;
; Auto Open-Drain Pins                                                            ; On                 ; On                 ;
; Perform WYSIWYG Primitive Resynthesis                                           ; Off                ; Off                ;
; Auto ROM Replacement                                                            ; On                 ; On                 ;
; Auto RAM Replacement                                                            ; On                 ; On                 ;
; Auto DSP Block Replacement                                                      ; On                 ; On                 ;
; Auto Shift Register Replacement                                                 ; Auto               ; Auto               ;
; Allow Shift Register Merging across Hierarchies                                 ; Auto               ; Auto               ;
; Auto Clock Enable Replacement                                                   ; On                 ; On                 ;
; Strict RAM Replacement                                                          ; Off                ; Off                ;
; Allow Synchronous Control Signals                                               ; On                 ; On                 ;
; Force Use of Synchronous Clear Signals                                          ; Off                ; Off                ;
; Auto Resource Sharing                                                           ; Off                ; Off                ;
; Allow Any RAM Size For Recognition                                              ; Off                ; Off                ;
; Allow Any ROM Size For Recognition                                              ; Off                ; Off                ;
; Allow Any Shift Register Size For Recognition                                   ; Off                ; Off                ;
; Use LogicLock Constraints during Resource Balancing                             ; On                 ; On                 ;
; Ignore translate_off and synthesis_off directives                               ; Off                ; Off                ;
; Timing-Driven Synthesis                                                         ; On                 ; On                 ;
; Report Parameter Settings                                                       ; On                 ; On                 ;
; Report Source Assignments                                                       ; On                 ; On                 ;
; Report Connectivity Checks                                                      ; On                 ; On                 ;
; Ignore Maximum Fan-Out Assignments                                              ; Off                ; Off                ;
; Synchronization Register Chain Length                                           ; 3                  ; 3                  ;
; PowerPlay Power Optimization                                                    ; Normal compilation ; Normal compilation ;
; HDL message level                                                               ; Level2             ; Level2             ;
; Suppress Register Optimization Related Messages                                 ; Off                ; Off                ;
; Number of Removed Registers Reported in Synthesis Report                        ; 5000               ; 5000               ;
; Number of Swept Nodes Reported in Synthesis Report                              ; 5000               ; 5000               ;
; Number of Inverted Registers Reported in Synthesis Report                       ; 100                ; 100                ;
; Clock MUX Protection                                                            ; On                 ; On                 ;
; Auto Gated Clock Conversion                                                     ; Off                ; Off                ;
; Block Design Naming                                                             ; Auto               ; Auto               ;
; SDC constraint protection                                                       ; Off                ; Off                ;
; Synthesis Effort                                                                ; Auto               ; Auto               ;
; Shift Register Replacement - Allow Asynchronous Clear Signal                    ; On                 ; On                 ;
; Pre-Mapping Resynthesis Optimization                                            ; Off                ; Off                ;
; Analysis & Synthesis Message Level                                              ; Medium             ; Medium             ;
; Disable Register Merging Across Hierarchies                                     ; Auto               ; Auto               ;
; Resource Aware Inference For Block RAM                                          ; On                 ; On                 ;
; Synthesis Seed                                                                  ; 1                  ; 1                  ;
; Automatic Parallel Synthesis                                                    ; On                 ; On                 ;
+---------------------------------------------------------------------------------+--------------------+--------------------+


Parallel compilation was disabled, but you have multiple processors available. Enable parallel compilation to reduce compilation time.
+-------------------------------------+
; Parallel Compilation                ;
+----------------------------+--------+
; Processors                 ; Number ;
+----------------------------+--------+
; Number detected on machine ; 20     ;
; Maximum allowed            ; 1      ;
+----------------------------+--------+


+------------------------------------------------------------------------------------------------------------------------------------------------------------------------------------------------------------+
; Analysis & Synthesis Source Files Read                                                                                                                                                                     ;
+------------------------------------------+-----------------+-------------------------------------------------------+-----------------------------------------------------------------------------+---------+
; File Name with User-Entered Path         ; Used in Netlist ; File Type                                             ; File Name with Absolute Path                                                ; Library ;
+------------------------------------------+-----------------+-------------------------------------------------------+-----------------------------------------------------------------------------+---------+
; sequence_counter.v                       ; yes             ; User Verilog HDL File                                 ; C:/Users/ugure/cocotb_BCI/hdl/BC_I/sequence_counter.v                       ;         ;
; MUX_8_1.v                                ; yes             ; User Verilog HDL File                                 ; C:/Users/ugure/cocotb_BCI/hdl/BC_I/MUX_8_1.v                                ;         ;
; MemoryUnit.v                             ; yes             ; User Verilog HDL File                                 ; C:/Users/ugure/cocotb_BCI/hdl/BC_I/MemoryUnit.v                             ;         ;
; generic_register.v                       ; yes             ; User Verilog HDL File                                 ; C:/Users/ugure/cocotb_BCI/hdl/BC_I/generic_register.v                       ;         ;
; decoder_4to16.v                          ; yes             ; User Verilog HDL File                                 ; C:/Users/ugure/cocotb_BCI/hdl/BC_I/decoder_4to16.v                          ;         ;
; decoder_3to8.v                           ; yes             ; User Verilog HDL File                                 ; C:/Users/ugure/cocotb_BCI/hdl/BC_I/decoder_3to8.v                           ;         ;
; Datapath.v                               ; yes             ; User Verilog HDL File                                 ; C:/Users/ugure/cocotb_BCI/hdl/BC_I/Datapath.v                               ;         ;
; Controller.v                             ; yes             ; User Verilog HDL File                                 ; C:/Users/ugure/cocotb_BCI/hdl/BC_I/Controller.v                             ;         ;
; comb_control_logic.v                     ; yes             ; User Verilog HDL File                                 ; C:/Users/ugure/cocotb_BCI/hdl/BC_I/comb_control_logic.v                     ;         ;
; ALU.v                                    ; yes             ; User Verilog HDL File                                 ; C:/Users/ugure/cocotb_BCI/hdl/BC_I/ALU.v                                    ;         ;
; BC_I.v                                   ; yes             ; User Verilog HDL File                                 ; C:/Users/ugure/cocotb_BCI/hdl/BC_I/BC_I.v                                   ;         ;
; altsyncram.tdf                           ; yes             ; Megafunction                                          ; c:/altera/13.1/quartus/libraries/megafunctions/altsyncram.tdf               ;         ;
; stratix_ram_block.inc                    ; yes             ; Megafunction                                          ; c:/altera/13.1/quartus/libraries/megafunctions/stratix_ram_block.inc        ;         ;
; lpm_mux.inc                              ; yes             ; Megafunction                                          ; c:/altera/13.1/quartus/libraries/megafunctions/lpm_mux.inc                  ;         ;
; lpm_decode.inc                           ; yes             ; Megafunction                                          ; c:/altera/13.1/quartus/libraries/megafunctions/lpm_decode.inc               ;         ;
; aglobal131.inc                           ; yes             ; Megafunction                                          ; c:/altera/13.1/quartus/libraries/megafunctions/aglobal131.inc               ;         ;
; a_rdenreg.inc                            ; yes             ; Megafunction                                          ; c:/altera/13.1/quartus/libraries/megafunctions/a_rdenreg.inc                ;         ;
; altrom.inc                               ; yes             ; Megafunction                                          ; c:/altera/13.1/quartus/libraries/megafunctions/altrom.inc                   ;         ;
; altram.inc                               ; yes             ; Megafunction                                          ; c:/altera/13.1/quartus/libraries/megafunctions/altram.inc                   ;         ;
; altdpram.inc                             ; yes             ; Megafunction                                          ; c:/altera/13.1/quartus/libraries/megafunctions/altdpram.inc                 ;         ;
; db/altsyncram_ken1.tdf                   ; yes             ; Auto-Generated Megafunction                           ; C:/Users/ugure/cocotb_BCI/hdl/BC_I/db/altsyncram_ken1.tdf                   ;         ;
; db/BC_I.ram0_MemoryUnit_78953b23.hdl.mif ; yes             ; Auto-Generated Auto-Found Memory Initialization File  ; C:/Users/ugure/cocotb_BCI/hdl/BC_I/db/BC_I.ram0_MemoryUnit_78953b23.hdl.mif ;         ;
+------------------------------------------+-----------------+-------------------------------------------------------+-----------------------------------------------------------------------------+---------+


+---------------------------------------------------------+
; Analysis & Synthesis Resource Usage Summary             ;
+---------------------------------------------+-----------+
; Resource                                    ; Usage     ;
+---------------------------------------------+-----------+
; Estimate of Logic utilization (ALMs needed) ; 178       ;
;                                             ;           ;
; Combinational ALUT usage for logic          ; 267       ;
;     -- 7 input functions                    ; 12        ;
;     -- 6 input functions                    ; 68        ;
;     -- 5 input functions                    ; 39        ;
;     -- 4 input functions                    ; 38        ;
;     -- <=3 input functions                  ; 110       ;
;                                             ;           ;
; Dedicated logic registers                   ; 154       ;
;                                             ;           ;
; I/O pins                                    ; 74        ;
; Total MLAB memory bits                      ; 0         ;
; Total block memory bits                     ; 65536     ;
; Total DSP Blocks                            ; 0         ;
; Maximum fan-out node                        ; clk~input ;
; Maximum fan-out                             ; 170       ;
; Total fan-out                               ; 2124      ;
; Average fan-out                             ; 3.63      ;
+---------------------------------------------+-----------+


+----------------------------------------------------------------------------------------------------------------------------------------------------------------------------------------------------------------------------------------------------------+
; Analysis & Synthesis Resource Utilization by Entity                                                                                                                                                                                                      ;
+----------------------------------------------+-------------------+--------------+-------------------+------------+------+--------------+--------------------------------------------------------------------------------------------------+--------------+
; Compilation Hierarchy Node                   ; LC Combinationals ; LC Registers ; Block Memory Bits ; DSP Blocks ; Pins ; Virtual Pins ; Full Hierarchy Name                                                                              ; Library Name ;
+----------------------------------------------+-------------------+--------------+-------------------+------------+------+--------------+--------------------------------------------------------------------------------------------------+--------------+
; |BC_I                                        ; 267 (0)           ; 154 (0)      ; 65536             ; 0          ; 74   ; 0            ; |BC_I                                                                                            ; work         ;
;    |Controller:CONTROL_UNIT|                 ; 62 (26)           ; 7 (0)        ; 0                 ; 0          ; 0    ; 0            ; |BC_I|Controller:CONTROL_UNIT                                                                    ; work         ;
;       |comb_control_logic:COMBCONTROL|       ; 23 (23)           ; 0 (0)        ; 0                 ; 0          ; 0    ; 0            ; |BC_I|Controller:CONTROL_UNIT|comb_control_logic:COMBCONTROL                                     ; work         ;
;       |decoder_3to8:OPR_DECODER|             ; 1 (1)             ; 0 (0)        ; 0                 ; 0          ; 0    ; 0            ; |BC_I|Controller:CONTROL_UNIT|decoder_3to8:OPR_DECODER                                           ; work         ;
;       |decoder_4to16:T_DECODER|              ; 3 (3)             ; 0 (0)        ; 0                 ; 0          ; 0    ; 0            ; |BC_I|Controller:CONTROL_UNIT|decoder_4to16:T_DECODER                                            ; work         ;
;       |generic_register:I_FF|                ; 1 (1)             ; 1 (1)        ; 0                 ; 0          ; 0    ; 0            ; |BC_I|Controller:CONTROL_UNIT|generic_register:I_FF                                              ; work         ;
;       |generic_register:R_FF|                ; 1 (0)             ; 1 (1)        ; 0                 ; 0          ; 0    ; 0            ; |BC_I|Controller:CONTROL_UNIT|generic_register:R_FF                                              ; work         ;
;          |MUX_8_1:mux1|                      ; 1 (1)             ; 0 (0)        ; 0                 ; 0          ; 0    ; 0            ; |BC_I|Controller:CONTROL_UNIT|generic_register:R_FF|MUX_8_1:mux1                                 ; work         ;
;       |generic_register:S_FF|                ; 1 (1)             ; 1 (1)        ; 0                 ; 0          ; 0    ; 0            ; |BC_I|Controller:CONTROL_UNIT|generic_register:S_FF                                              ; work         ;
;       |sequence_counter:SC|                  ; 6 (6)             ; 4 (4)        ; 0                 ; 0          ; 0    ; 0            ; |BC_I|Controller:CONTROL_UNIT|sequence_counter:SC                                                ; work         ;
;    |Datapath:DATAPATH_UNIT|                  ; 205 (0)           ; 147 (0)      ; 65536             ; 0          ; 0    ; 0            ; |BC_I|Datapath:DATAPATH_UNIT                                                                     ; work         ;
;       |ALU:ALU1|                             ; 17 (17)           ; 0 (0)        ; 0                 ; 0          ; 0    ; 0            ; |BC_I|Datapath:DATAPATH_UNIT|ALU:ALU1                                                            ; work         ;
;       |MUX_8_1:BUS|                          ; 45 (45)           ; 0 (0)        ; 0                 ; 0          ; 0    ; 0            ; |BC_I|Datapath:DATAPATH_UNIT|MUX_8_1:BUS                                                         ; work         ;
;       |MemoryUnit:M|                         ; 26 (26)           ; 57 (57)      ; 65536             ; 0          ; 0    ; 0            ; |BC_I|Datapath:DATAPATH_UNIT|MemoryUnit:M                                                        ; work         ;
;          |altsyncram:memory_rtl_0|           ; 0 (0)             ; 0 (0)        ; 65536             ; 0          ; 0    ; 0            ; |BC_I|Datapath:DATAPATH_UNIT|MemoryUnit:M|altsyncram:memory_rtl_0                                ; work         ;
;             |altsyncram_ken1:auto_generated| ; 0 (0)             ; 0 (0)        ; 65536             ; 0          ; 0    ; 0            ; |BC_I|Datapath:DATAPATH_UNIT|MemoryUnit:M|altsyncram:memory_rtl_0|altsyncram_ken1:auto_generated ; work         ;
;       |generic_register:AC|                  ; 51 (19)           ; 16 (16)      ; 0                 ; 0          ; 0    ; 0            ; |BC_I|Datapath:DATAPATH_UNIT|generic_register:AC                                                 ; work         ;
;          |MUX_8_1:mux1|                      ; 32 (32)           ; 0 (0)        ; 0                 ; 0          ; 0    ; 0            ; |BC_I|Datapath:DATAPATH_UNIT|generic_register:AC|MUX_8_1:mux1                                    ; work         ;
;       |generic_register:AR|                  ; 27 (12)           ; 12 (12)      ; 0                 ; 0          ; 0    ; 0            ; |BC_I|Datapath:DATAPATH_UNIT|generic_register:AR                                                 ; work         ;
;          |MUX_8_1:mux1|                      ; 15 (15)           ; 0 (0)        ; 0                 ; 0          ; 0    ; 0            ; |BC_I|Datapath:DATAPATH_UNIT|generic_register:AR|MUX_8_1:mux1                                    ; work         ;
;       |generic_register:CO_FF|               ; 5 (0)             ; 1 (1)        ; 0                 ; 0          ; 0    ; 0            ; |BC_I|Datapath:DATAPATH_UNIT|generic_register:CO_FF                                              ; work         ;
;          |MUX_8_1:mux1|                      ; 5 (5)             ; 0 (0)        ; 0                 ; 0          ; 0    ; 0            ; |BC_I|Datapath:DATAPATH_UNIT|generic_register:CO_FF|MUX_8_1:mux1                                 ; work         ;
;       |generic_register:DR|                  ; 17 (17)           ; 16 (16)      ; 0                 ; 0          ; 0    ; 0            ; |BC_I|Datapath:DATAPATH_UNIT|generic_register:DR                                                 ; work         ;
;       |generic_register:IEN_FF|              ; 1 (0)             ; 1 (1)        ; 0                 ; 0          ; 0    ; 0            ; |BC_I|Datapath:DATAPATH_UNIT|generic_register:IEN_FF                                             ; work         ;
;          |MUX_8_1:mux1|                      ; 1 (1)             ; 0 (0)        ; 0                 ; 0          ; 0    ; 0            ; |BC_I|Datapath:DATAPATH_UNIT|generic_register:IEN_FF|MUX_8_1:mux1                                ; work         ;
;       |generic_register:IR|                  ; 0 (0)             ; 16 (16)      ; 0                 ; 0          ; 0    ; 0            ; |BC_I|Datapath:DATAPATH_UNIT|generic_register:IR                                                 ; work         ;
;       |generic_register:PC|                  ; 16 (16)           ; 12 (12)      ; 0                 ; 0          ; 0    ; 0            ; |BC_I|Datapath:DATAPATH_UNIT|generic_register:PC                                                 ; work         ;
;       |generic_register:TR|                  ; 0 (0)             ; 16 (16)      ; 0                 ; 0          ; 0    ; 0            ; |BC_I|Datapath:DATAPATH_UNIT|generic_register:TR                                                 ; work         ;
+----------------------------------------------+-------------------+--------------+-------------------+------------+------+--------------+--------------------------------------------------------------------------------------------------+--------------+
Note: For table entries with two numbers listed, the numbers in parentheses indicate the number of resources of the given type used by the specific entity alone. The numbers listed outside of parentheses indicate the total resources of the given type used by the specific entity and all of its sub-entities in the hierarchy.


+------------------------------------------------------------------------------------------------------------------------------------------------------------------------------------------------------------------------------------------------+
; Analysis & Synthesis RAM Summary                                                                                                                                                                                                               ;
+-------------------------------------------------------------------------------------------------------+------+------------------+--------------+--------------+--------------+--------------+-------+------------------------------------------+
; Name                                                                                                  ; Type ; Mode             ; Port A Depth ; Port A Width ; Port B Depth ; Port B Width ; Size  ; MIF                                      ;
+-------------------------------------------------------------------------------------------------------+------+------------------+--------------+--------------+--------------+--------------+-------+------------------------------------------+
; Datapath:DATAPATH_UNIT|MemoryUnit:M|altsyncram:memory_rtl_0|altsyncram_ken1:auto_generated|ALTSYNCRAM ; AUTO ; Simple Dual Port ; 4096         ; 16           ; 4096         ; 16           ; 65536 ; db/BC_I.ram0_MemoryUnit_78953b23.hdl.mif ;
+-------------------------------------------------------------------------------------------------------+------+------------------+--------------+--------------+--------------+--------------+-------+------------------------------------------+


+------------------------------------------------------+
; General Register Statistics                          ;
+----------------------------------------------+-------+
; Statistic                                    ; Value ;
+----------------------------------------------+-------+
; Total registers                              ; 154   ;
; Number of registers using Synchronous Clear  ; 28    ;
; Number of registers using Synchronous Load   ; 28    ;
; Number of registers using Asynchronous Clear ; 0     ;
; Number of registers using Asynchronous Load  ; 0     ;
; Number of registers using Clock Enable       ; 80    ;
; Number of registers using Preset             ; 0     ;
+----------------------------------------------+-------+


+-----------------------------------------------------------------------+
; Inverted Register Statistics                                          ;
+-------------------------------------------------------------+---------+
; Inverted Register                                           ; Fan out ;
+-------------------------------------------------------------+---------+
; Datapath:DATAPATH_UNIT|MemoryUnit:M|memory_rtl_0_bypass[26] ; 1       ;
; Datapath:DATAPATH_UNIT|MemoryUnit:M|memory_rtl_0_bypass[25] ; 1       ;
; Datapath:DATAPATH_UNIT|MemoryUnit:M|memory_rtl_0_bypass[28] ; 1       ;
; Datapath:DATAPATH_UNIT|MemoryUnit:M|memory_rtl_0_bypass[27] ; 1       ;
; Datapath:DATAPATH_UNIT|MemoryUnit:M|memory_rtl_0_bypass[30] ; 1       ;
; Datapath:DATAPATH_UNIT|MemoryUnit:M|memory_rtl_0_bypass[29] ; 1       ;
; Datapath:DATAPATH_UNIT|MemoryUnit:M|memory_rtl_0_bypass[32] ; 1       ;
; Datapath:DATAPATH_UNIT|MemoryUnit:M|memory_rtl_0_bypass[31] ; 1       ;
; Datapath:DATAPATH_UNIT|MemoryUnit:M|memory_rtl_0_bypass[34] ; 1       ;
; Datapath:DATAPATH_UNIT|MemoryUnit:M|memory_rtl_0_bypass[36] ; 1       ;
; Datapath:DATAPATH_UNIT|MemoryUnit:M|memory_rtl_0_bypass[38] ; 1       ;
; Datapath:DATAPATH_UNIT|MemoryUnit:M|memory_rtl_0_bypass[40] ; 1       ;
; Datapath:DATAPATH_UNIT|MemoryUnit:M|memory_rtl_0_bypass[42] ; 1       ;
; Datapath:DATAPATH_UNIT|MemoryUnit:M|memory_rtl_0_bypass[44] ; 1       ;
; Datapath:DATAPATH_UNIT|MemoryUnit:M|memory_rtl_0_bypass[46] ; 1       ;
; Datapath:DATAPATH_UNIT|MemoryUnit:M|memory_rtl_0_bypass[48] ; 1       ;
; Datapath:DATAPATH_UNIT|MemoryUnit:M|memory_rtl_0_bypass[50] ; 1       ;
; Datapath:DATAPATH_UNIT|MemoryUnit:M|memory_rtl_0_bypass[52] ; 1       ;
; Datapath:DATAPATH_UNIT|MemoryUnit:M|memory_rtl_0_bypass[54] ; 1       ;
; Datapath:DATAPATH_UNIT|MemoryUnit:M|memory_rtl_0_bypass[53] ; 1       ;
; Datapath:DATAPATH_UNIT|MemoryUnit:M|memory_rtl_0_bypass[56] ; 1       ;
; Total number of inverted registers = 21                     ;         ;
+-------------------------------------------------------------+---------+


+----------------------------------------------------------------------------------------------------------------+
; Registers Added for RAM Pass-Through Logic                                                                     ;
+-------------------------------------------------------------+--------------------------------------------------+
; Register Name                                               ; RAM Name                                         ;
+-------------------------------------------------------------+--------------------------------------------------+
; Datapath:DATAPATH_UNIT|MemoryUnit:M|memory_rtl_0_bypass[0]  ; Datapath:DATAPATH_UNIT|MemoryUnit:M|memory_rtl_0 ;
; Datapath:DATAPATH_UNIT|MemoryUnit:M|memory_rtl_0_bypass[1]  ; Datapath:DATAPATH_UNIT|MemoryUnit:M|memory_rtl_0 ;
; Datapath:DATAPATH_UNIT|MemoryUnit:M|memory_rtl_0_bypass[2]  ; Datapath:DATAPATH_UNIT|MemoryUnit:M|memory_rtl_0 ;
; Datapath:DATAPATH_UNIT|MemoryUnit:M|memory_rtl_0_bypass[3]  ; Datapath:DATAPATH_UNIT|MemoryUnit:M|memory_rtl_0 ;
; Datapath:DATAPATH_UNIT|MemoryUnit:M|memory_rtl_0_bypass[4]  ; Datapath:DATAPATH_UNIT|MemoryUnit:M|memory_rtl_0 ;
; Datapath:DATAPATH_UNIT|MemoryUnit:M|memory_rtl_0_bypass[5]  ; Datapath:DATAPATH_UNIT|MemoryUnit:M|memory_rtl_0 ;
; Datapath:DATAPATH_UNIT|MemoryUnit:M|memory_rtl_0_bypass[6]  ; Datapath:DATAPATH_UNIT|MemoryUnit:M|memory_rtl_0 ;
; Datapath:DATAPATH_UNIT|MemoryUnit:M|memory_rtl_0_bypass[7]  ; Datapath:DATAPATH_UNIT|MemoryUnit:M|memory_rtl_0 ;
; Datapath:DATAPATH_UNIT|MemoryUnit:M|memory_rtl_0_bypass[8]  ; Datapath:DATAPATH_UNIT|MemoryUnit:M|memory_rtl_0 ;
; Datapath:DATAPATH_UNIT|MemoryUnit:M|memory_rtl_0_bypass[9]  ; Datapath:DATAPATH_UNIT|MemoryUnit:M|memory_rtl_0 ;
; Datapath:DATAPATH_UNIT|MemoryUnit:M|memory_rtl_0_bypass[10] ; Datapath:DATAPATH_UNIT|MemoryUnit:M|memory_rtl_0 ;
; Datapath:DATAPATH_UNIT|MemoryUnit:M|memory_rtl_0_bypass[11] ; Datapath:DATAPATH_UNIT|MemoryUnit:M|memory_rtl_0 ;
; Datapath:DATAPATH_UNIT|MemoryUnit:M|memory_rtl_0_bypass[12] ; Datapath:DATAPATH_UNIT|MemoryUnit:M|memory_rtl_0 ;
; Datapath:DATAPATH_UNIT|MemoryUnit:M|memory_rtl_0_bypass[13] ; Datapath:DATAPATH_UNIT|MemoryUnit:M|memory_rtl_0 ;
; Datapath:DATAPATH_UNIT|MemoryUnit:M|memory_rtl_0_bypass[14] ; Datapath:DATAPATH_UNIT|MemoryUnit:M|memory_rtl_0 ;
; Datapath:DATAPATH_UNIT|MemoryUnit:M|memory_rtl_0_bypass[15] ; Datapath:DATAPATH_UNIT|MemoryUnit:M|memory_rtl_0 ;
; Datapath:DATAPATH_UNIT|MemoryUnit:M|memory_rtl_0_bypass[16] ; Datapath:DATAPATH_UNIT|MemoryUnit:M|memory_rtl_0 ;
; Datapath:DATAPATH_UNIT|MemoryUnit:M|memory_rtl_0_bypass[17] ; Datapath:DATAPATH_UNIT|MemoryUnit:M|memory_rtl_0 ;
; Datapath:DATAPATH_UNIT|MemoryUnit:M|memory_rtl_0_bypass[18] ; Datapath:DATAPATH_UNIT|MemoryUnit:M|memory_rtl_0 ;
; Datapath:DATAPATH_UNIT|MemoryUnit:M|memory_rtl_0_bypass[19] ; Datapath:DATAPATH_UNIT|MemoryUnit:M|memory_rtl_0 ;
; Datapath:DATAPATH_UNIT|MemoryUnit:M|memory_rtl_0_bypass[20] ; Datapath:DATAPATH_UNIT|MemoryUnit:M|memory_rtl_0 ;
; Datapath:DATAPATH_UNIT|MemoryUnit:M|memory_rtl_0_bypass[21] ; Datapath:DATAPATH_UNIT|MemoryUnit:M|memory_rtl_0 ;
; Datapath:DATAPATH_UNIT|MemoryUnit:M|memory_rtl_0_bypass[22] ; Datapath:DATAPATH_UNIT|MemoryUnit:M|memory_rtl_0 ;
; Datapath:DATAPATH_UNIT|MemoryUnit:M|memory_rtl_0_bypass[23] ; Datapath:DATAPATH_UNIT|MemoryUnit:M|memory_rtl_0 ;
; Datapath:DATAPATH_UNIT|MemoryUnit:M|memory_rtl_0_bypass[24] ; Datapath:DATAPATH_UNIT|MemoryUnit:M|memory_rtl_0 ;
; Datapath:DATAPATH_UNIT|MemoryUnit:M|memory_rtl_0_bypass[25] ; Datapath:DATAPATH_UNIT|MemoryUnit:M|memory_rtl_0 ;
; Datapath:DATAPATH_UNIT|MemoryUnit:M|memory_rtl_0_bypass[26] ; Datapath:DATAPATH_UNIT|MemoryUnit:M|memory_rtl_0 ;
; Datapath:DATAPATH_UNIT|MemoryUnit:M|memory_rtl_0_bypass[27] ; Datapath:DATAPATH_UNIT|MemoryUnit:M|memory_rtl_0 ;
; Datapath:DATAPATH_UNIT|MemoryUnit:M|memory_rtl_0_bypass[28] ; Datapath:DATAPATH_UNIT|MemoryUnit:M|memory_rtl_0 ;
; Datapath:DATAPATH_UNIT|MemoryUnit:M|memory_rtl_0_bypass[29] ; Datapath:DATAPATH_UNIT|MemoryUnit:M|memory_rtl_0 ;
; Datapath:DATAPATH_UNIT|MemoryUnit:M|memory_rtl_0_bypass[30] ; Datapath:DATAPATH_UNIT|MemoryUnit:M|memory_rtl_0 ;
; Datapath:DATAPATH_UNIT|MemoryUnit:M|memory_rtl_0_bypass[31] ; Datapath:DATAPATH_UNIT|MemoryUnit:M|memory_rtl_0 ;
; Datapath:DATAPATH_UNIT|MemoryUnit:M|memory_rtl_0_bypass[32] ; Datapath:DATAPATH_UNIT|MemoryUnit:M|memory_rtl_0 ;
; Datapath:DATAPATH_UNIT|MemoryUnit:M|memory_rtl_0_bypass[33] ; Datapath:DATAPATH_UNIT|MemoryUnit:M|memory_rtl_0 ;
; Datapath:DATAPATH_UNIT|MemoryUnit:M|memory_rtl_0_bypass[34] ; Datapath:DATAPATH_UNIT|MemoryUnit:M|memory_rtl_0 ;
; Datapath:DATAPATH_UNIT|MemoryUnit:M|memory_rtl_0_bypass[35] ; Datapath:DATAPATH_UNIT|MemoryUnit:M|memory_rtl_0 ;
; Datapath:DATAPATH_UNIT|MemoryUnit:M|memory_rtl_0_bypass[36] ; Datapath:DATAPATH_UNIT|MemoryUnit:M|memory_rtl_0 ;
; Datapath:DATAPATH_UNIT|MemoryUnit:M|memory_rtl_0_bypass[37] ; Datapath:DATAPATH_UNIT|MemoryUnit:M|memory_rtl_0 ;
; Datapath:DATAPATH_UNIT|MemoryUnit:M|memory_rtl_0_bypass[38] ; Datapath:DATAPATH_UNIT|MemoryUnit:M|memory_rtl_0 ;
; Datapath:DATAPATH_UNIT|MemoryUnit:M|memory_rtl_0_bypass[39] ; Datapath:DATAPATH_UNIT|MemoryUnit:M|memory_rtl_0 ;
; Datapath:DATAPATH_UNIT|MemoryUnit:M|memory_rtl_0_bypass[40] ; Datapath:DATAPATH_UNIT|MemoryUnit:M|memory_rtl_0 ;
; Datapath:DATAPATH_UNIT|MemoryUnit:M|memory_rtl_0_bypass[41] ; Datapath:DATAPATH_UNIT|MemoryUnit:M|memory_rtl_0 ;
; Datapath:DATAPATH_UNIT|MemoryUnit:M|memory_rtl_0_bypass[42] ; Datapath:DATAPATH_UNIT|MemoryUnit:M|memory_rtl_0 ;
; Datapath:DATAPATH_UNIT|MemoryUnit:M|memory_rtl_0_bypass[43] ; Datapath:DATAPATH_UNIT|MemoryUnit:M|memory_rtl_0 ;
; Datapath:DATAPATH_UNIT|MemoryUnit:M|memory_rtl_0_bypass[44] ; Datapath:DATAPATH_UNIT|MemoryUnit:M|memory_rtl_0 ;
; Datapath:DATAPATH_UNIT|MemoryUnit:M|memory_rtl_0_bypass[45] ; Datapath:DATAPATH_UNIT|MemoryUnit:M|memory_rtl_0 ;
; Datapath:DATAPATH_UNIT|MemoryUnit:M|memory_rtl_0_bypass[46] ; Datapath:DATAPATH_UNIT|MemoryUnit:M|memory_rtl_0 ;
; Datapath:DATAPATH_UNIT|MemoryUnit:M|memory_rtl_0_bypass[47] ; Datapath:DATAPATH_UNIT|MemoryUnit:M|memory_rtl_0 ;
; Datapath:DATAPATH_UNIT|MemoryUnit:M|memory_rtl_0_bypass[48] ; Datapath:DATAPATH_UNIT|MemoryUnit:M|memory_rtl_0 ;
; Datapath:DATAPATH_UNIT|MemoryUnit:M|memory_rtl_0_bypass[49] ; Datapath:DATAPATH_UNIT|MemoryUnit:M|memory_rtl_0 ;
; Datapath:DATAPATH_UNIT|MemoryUnit:M|memory_rtl_0_bypass[50] ; Datapath:DATAPATH_UNIT|MemoryUnit:M|memory_rtl_0 ;
; Datapath:DATAPATH_UNIT|MemoryUnit:M|memory_rtl_0_bypass[51] ; Datapath:DATAPATH_UNIT|MemoryUnit:M|memory_rtl_0 ;
; Datapath:DATAPATH_UNIT|MemoryUnit:M|memory_rtl_0_bypass[52] ; Datapath:DATAPATH_UNIT|MemoryUnit:M|memory_rtl_0 ;
; Datapath:DATAPATH_UNIT|MemoryUnit:M|memory_rtl_0_bypass[53] ; Datapath:DATAPATH_UNIT|MemoryUnit:M|memory_rtl_0 ;
; Datapath:DATAPATH_UNIT|MemoryUnit:M|memory_rtl_0_bypass[54] ; Datapath:DATAPATH_UNIT|MemoryUnit:M|memory_rtl_0 ;
; Datapath:DATAPATH_UNIT|MemoryUnit:M|memory_rtl_0_bypass[55] ; Datapath:DATAPATH_UNIT|MemoryUnit:M|memory_rtl_0 ;
; Datapath:DATAPATH_UNIT|MemoryUnit:M|memory_rtl_0_bypass[56] ; Datapath:DATAPATH_UNIT|MemoryUnit:M|memory_rtl_0 ;
+-------------------------------------------------------------+--------------------------------------------------+


+-----------------------------------------------------------------------------------------------------------------------------------------------------------------------------------+
; Multiplexer Restructuring Statistics (Restructuring Performed)                                                                                                                    ;
+--------------------+-----------+---------------+----------------------+------------------------+------------+---------------------------------------------------------------------+
; Multiplexer Inputs ; Bus Width ; Baseline Area ; Area if Restructured ; Saving if Restructured ; Registered ; Example Multiplexer Output                                          ;
+--------------------+-----------+---------------+----------------------+------------------------+------------+---------------------------------------------------------------------+
; 4:1                ; 16 bits   ; 32 LEs        ; 0 LEs                ; 32 LEs                 ; Yes        ; |BC_I|Datapath:DATAPATH_UNIT|generic_register:DR|OUT[13]            ;
; 8:1                ; 12 bits   ; 60 LEs        ; 0 LEs                ; 60 LEs                 ; Yes        ; |BC_I|Datapath:DATAPATH_UNIT|generic_register:PC|OUT[7]             ;
; 4:1                ; 4 bits    ; 8 LEs         ; 8 LEs                ; 0 LEs                  ; Yes        ; |BC_I|Controller:CONTROL_UNIT|sequence_counter:SC|T[3]              ;
; 13:1               ; 16 bits   ; 128 LEs       ; 64 LEs               ; 64 LEs                 ; Yes        ; |BC_I|Datapath:DATAPATH_UNIT|generic_register:AC|OUT[11]            ;
; 5:1                ; 12 bits   ; 36 LEs        ; 24 LEs               ; 12 LEs                 ; No         ; |BC_I|Datapath:DATAPATH_UNIT|generic_register:AR|MUX_8_1:mux1|Mux11 ;
+--------------------+-----------+---------------+----------------------+------------------------+------------+---------------------------------------------------------------------+


+-------------------------------------------------------------------------------------------------------------------+
; Source assignments for Datapath:DATAPATH_UNIT|MemoryUnit:M|altsyncram:memory_rtl_0|altsyncram_ken1:auto_generated ;
+---------------------------------+--------------------+------+-----------------------------------------------------+
; Assignment                      ; Value              ; From ; To                                                  ;
+---------------------------------+--------------------+------+-----------------------------------------------------+
; OPTIMIZE_POWER_DURING_SYNTHESIS ; NORMAL_COMPILATION ; -    ; -                                                   ;
+---------------------------------+--------------------+------+-----------------------------------------------------+


+----------------------------------------------------------------------+
; Parameter Settings for User Entity Instance: Controller:CONTROL_UNIT ;
+----------------+-------+---------------------------------------------+
; Parameter Name ; Value ; Type                                        ;
+----------------+-------+---------------------------------------------+
; WORD           ; 16    ; Signed Integer                              ;
; ADDRESS        ; 12    ; Signed Integer                              ;
+----------------+-------+---------------------------------------------+
Note: In order to hide this table in the UI and the text report file, please set the "Show Parameter Settings in Synthesis Report" option in "Analysis and Synthesis Settings -> More Settings" to "Off".


+--------------------------------------------------------------------------------------------+
; Parameter Settings for User Entity Instance: Controller:CONTROL_UNIT|generic_register:I_FF ;
+----------------+-------+-------------------------------------------------------------------+
; Parameter Name ; Value ; Type                                                              ;
+----------------+-------+-------------------------------------------------------------------+
; WORD           ; 1     ; Unsigned Binary                                                   ;
+----------------+-------+-------------------------------------------------------------------+
Note: In order to hide this table in the UI and the text report file, please set the "Show Parameter Settings in Synthesis Report" option in "Analysis and Synthesis Settings -> More Settings" to "Off".


+---------------------------------------------------------------------------------------------------------+
; Parameter Settings for User Entity Instance: Controller:CONTROL_UNIT|generic_register:I_FF|MUX_8_1:mux1 ;
+----------------+-------+--------------------------------------------------------------------------------+
; Parameter Name ; Value ; Type                                                                           ;
+----------------+-------+--------------------------------------------------------------------------------+
; WORD           ; 1     ; Unsigned Binary                                                                ;
+----------------+-------+--------------------------------------------------------------------------------+
Note: In order to hide this table in the UI and the text report file, please set the "Show Parameter Settings in Synthesis Report" option in "Analysis and Synthesis Settings -> More Settings" to "Off".


+--------------------------------------------------------------------------------------------+
; Parameter Settings for User Entity Instance: Controller:CONTROL_UNIT|generic_register:R_FF ;
+----------------+-------+-------------------------------------------------------------------+
; Parameter Name ; Value ; Type                                                              ;
+----------------+-------+-------------------------------------------------------------------+
; WORD           ; 1     ; Unsigned Binary                                                   ;
+----------------+-------+-------------------------------------------------------------------+
Note: In order to hide this table in the UI and the text report file, please set the "Show Parameter Settings in Synthesis Report" option in "Analysis and Synthesis Settings -> More Settings" to "Off".


+---------------------------------------------------------------------------------------------------------+
; Parameter Settings for User Entity Instance: Controller:CONTROL_UNIT|generic_register:R_FF|MUX_8_1:mux1 ;
+----------------+-------+--------------------------------------------------------------------------------+
; Parameter Name ; Value ; Type                                                                           ;
+----------------+-------+--------------------------------------------------------------------------------+
; WORD           ; 1     ; Unsigned Binary                                                                ;
+----------------+-------+--------------------------------------------------------------------------------+
Note: In order to hide this table in the UI and the text report file, please set the "Show Parameter Settings in Synthesis Report" option in "Analysis and Synthesis Settings -> More Settings" to "Off".


+--------------------------------------------------------------------------------------------+
; Parameter Settings for User Entity Instance: Controller:CONTROL_UNIT|generic_register:S_FF ;
+----------------+-------+-------------------------------------------------------------------+
; Parameter Name ; Value ; Type                                                              ;
+----------------+-------+-------------------------------------------------------------------+
; WORD           ; 1     ; Unsigned Binary                                                   ;
+----------------+-------+-------------------------------------------------------------------+
Note: In order to hide this table in the UI and the text report file, please set the "Show Parameter Settings in Synthesis Report" option in "Analysis and Synthesis Settings -> More Settings" to "Off".


+---------------------------------------------------------------------------------------------------------+
; Parameter Settings for User Entity Instance: Controller:CONTROL_UNIT|generic_register:S_FF|MUX_8_1:mux1 ;
+----------------+-------+--------------------------------------------------------------------------------+
; Parameter Name ; Value ; Type                                                                           ;
+----------------+-------+--------------------------------------------------------------------------------+
; WORD           ; 1     ; Unsigned Binary                                                                ;
+----------------+-------+--------------------------------------------------------------------------------+
Note: In order to hide this table in the UI and the text report file, please set the "Show Parameter Settings in Synthesis Report" option in "Analysis and Synthesis Settings -> More Settings" to "Off".


+-----------------------------------------------------------------------------------------------------+
; Parameter Settings for User Entity Instance: Controller:CONTROL_UNIT|comb_control_logic:COMBCONTROL ;
+----------------+-------+----------------------------------------------------------------------------+
; Parameter Name ; Value ; Type                                                                       ;
+----------------+-------+----------------------------------------------------------------------------+
; WORD           ; 16    ; Signed Integer                                                             ;
; ADDRESS        ; 12    ; Signed Integer                                                             ;
+----------------+-------+----------------------------------------------------------------------------+
Note: In order to hide this table in the UI and the text report file, please set the "Show Parameter Settings in Synthesis Report" option in "Analysis and Synthesis Settings -> More Settings" to "Off".


+---------------------------------------------------------------------+
; Parameter Settings for User Entity Instance: Datapath:DATAPATH_UNIT ;
+----------------+-------+--------------------------------------------+
; Parameter Name ; Value ; Type                                       ;
+----------------+-------+--------------------------------------------+
; WORD           ; 16    ; Signed Integer                             ;
; ADDRESS        ; 12    ; Signed Integer                             ;
; SIZE           ; 4096  ; Signed Integer                             ;
+----------------+-------+--------------------------------------------+
Note: In order to hide this table in the UI and the text report file, please set the "Show Parameter Settings in Synthesis Report" option in "Analysis and Synthesis Settings -> More Settings" to "Off".


+---------------------------------------------------------------------------------+
; Parameter Settings for User Entity Instance: Datapath:DATAPATH_UNIT|MUX_8_1:BUS ;
+----------------+-------+--------------------------------------------------------+
; Parameter Name ; Value ; Type                                                   ;
+----------------+-------+--------------------------------------------------------+
; WORD           ; 16    ; Signed Integer                                         ;
+----------------+-------+--------------------------------------------------------+
Note: In order to hide this table in the UI and the text report file, please set the "Show Parameter Settings in Synthesis Report" option in "Analysis and Synthesis Settings -> More Settings" to "Off".


+------------------------------------------------------------------------------+
; Parameter Settings for User Entity Instance: Datapath:DATAPATH_UNIT|ALU:ALU1 ;
+----------------+-------+-----------------------------------------------------+
; Parameter Name ; Value ; Type                                                ;
+----------------+-------+-----------------------------------------------------+
; WORD           ; 16    ; Signed Integer                                      ;
+----------------+-------+-----------------------------------------------------+
Note: In order to hide this table in the UI and the text report file, please set the "Show Parameter Settings in Synthesis Report" option in "Analysis and Synthesis Settings -> More Settings" to "Off".


+----------------------------------------------------------------------------------+
; Parameter Settings for User Entity Instance: Datapath:DATAPATH_UNIT|MemoryUnit:M ;
+----------------+-------+---------------------------------------------------------+
; Parameter Name ; Value ; Type                                                    ;
+----------------+-------+---------------------------------------------------------+
; WORD           ; 16    ; Signed Integer                                          ;
; ADDRESS        ; 12    ; Signed Integer                                          ;
; SIZE           ; 4096  ; Signed Integer                                          ;
+----------------+-------+---------------------------------------------------------+
Note: In order to hide this table in the UI and the text report file, please set the "Show Parameter Settings in Synthesis Report" option in "Analysis and Synthesis Settings -> More Settings" to "Off".


+-----------------------------------------------------------------------------------------+
; Parameter Settings for User Entity Instance: Datapath:DATAPATH_UNIT|generic_register:AR ;
+----------------+-------+----------------------------------------------------------------+
; Parameter Name ; Value ; Type                                                           ;
+----------------+-------+----------------------------------------------------------------+
; WORD           ; 12    ; Signed Integer                                                 ;
+----------------+-------+----------------------------------------------------------------+
Note: In order to hide this table in the UI and the text report file, please set the "Show Parameter Settings in Synthesis Report" option in "Analysis and Synthesis Settings -> More Settings" to "Off".


+------------------------------------------------------------------------------------------------------+
; Parameter Settings for User Entity Instance: Datapath:DATAPATH_UNIT|generic_register:AR|MUX_8_1:mux1 ;
+----------------+-------+-----------------------------------------------------------------------------+
; Parameter Name ; Value ; Type                                                                        ;
+----------------+-------+-----------------------------------------------------------------------------+
; WORD           ; 12    ; Signed Integer                                                              ;
+----------------+-------+-----------------------------------------------------------------------------+
Note: In order to hide this table in the UI and the text report file, please set the "Show Parameter Settings in Synthesis Report" option in "Analysis and Synthesis Settings -> More Settings" to "Off".


+-----------------------------------------------------------------------------------------+
; Parameter Settings for User Entity Instance: Datapath:DATAPATH_UNIT|generic_register:PC ;
+----------------+-------+----------------------------------------------------------------+
; Parameter Name ; Value ; Type                                                           ;
+----------------+-------+----------------------------------------------------------------+
; WORD           ; 12    ; Signed Integer                                                 ;
+----------------+-------+----------------------------------------------------------------+
Note: In order to hide this table in the UI and the text report file, please set the "Show Parameter Settings in Synthesis Report" option in "Analysis and Synthesis Settings -> More Settings" to "Off".


+------------------------------------------------------------------------------------------------------+
; Parameter Settings for User Entity Instance: Datapath:DATAPATH_UNIT|generic_register:PC|MUX_8_1:mux1 ;
+----------------+-------+-----------------------------------------------------------------------------+
; Parameter Name ; Value ; Type                                                                        ;
+----------------+-------+-----------------------------------------------------------------------------+
; WORD           ; 12    ; Signed Integer                                                              ;
+----------------+-------+-----------------------------------------------------------------------------+
Note: In order to hide this table in the UI and the text report file, please set the "Show Parameter Settings in Synthesis Report" option in "Analysis and Synthesis Settings -> More Settings" to "Off".


+-----------------------------------------------------------------------------------------+
; Parameter Settings for User Entity Instance: Datapath:DATAPATH_UNIT|generic_register:DR ;
+----------------+-------+----------------------------------------------------------------+
; Parameter Name ; Value ; Type                                                           ;
+----------------+-------+----------------------------------------------------------------+
; WORD           ; 16    ; Signed Integer                                                 ;
+----------------+-------+----------------------------------------------------------------+
Note: In order to hide this table in the UI and the text report file, please set the "Show Parameter Settings in Synthesis Report" option in "Analysis and Synthesis Settings -> More Settings" to "Off".


+------------------------------------------------------------------------------------------------------+
; Parameter Settings for User Entity Instance: Datapath:DATAPATH_UNIT|generic_register:DR|MUX_8_1:mux1 ;
+----------------+-------+-----------------------------------------------------------------------------+
; Parameter Name ; Value ; Type                                                                        ;
+----------------+-------+-----------------------------------------------------------------------------+
; WORD           ; 16    ; Signed Integer                                                              ;
+----------------+-------+-----------------------------------------------------------------------------+
Note: In order to hide this table in the UI and the text report file, please set the "Show Parameter Settings in Synthesis Report" option in "Analysis and Synthesis Settings -> More Settings" to "Off".


+-----------------------------------------------------------------------------------------+
; Parameter Settings for User Entity Instance: Datapath:DATAPATH_UNIT|generic_register:AC ;
+----------------+-------+----------------------------------------------------------------+
; Parameter Name ; Value ; Type                                                           ;
+----------------+-------+----------------------------------------------------------------+
; WORD           ; 16    ; Signed Integer                                                 ;
+----------------+-------+----------------------------------------------------------------+
Note: In order to hide this table in the UI and the text report file, please set the "Show Parameter Settings in Synthesis Report" option in "Analysis and Synthesis Settings -> More Settings" to "Off".


+------------------------------------------------------------------------------------------------------+
; Parameter Settings for User Entity Instance: Datapath:DATAPATH_UNIT|generic_register:AC|MUX_8_1:mux1 ;
+----------------+-------+-----------------------------------------------------------------------------+
; Parameter Name ; Value ; Type                                                                        ;
+----------------+-------+-----------------------------------------------------------------------------+
; WORD           ; 16    ; Signed Integer                                                              ;
+----------------+-------+-----------------------------------------------------------------------------+
Note: In order to hide this table in the UI and the text report file, please set the "Show Parameter Settings in Synthesis Report" option in "Analysis and Synthesis Settings -> More Settings" to "Off".


+-----------------------------------------------------------------------------------------+
; Parameter Settings for User Entity Instance: Datapath:DATAPATH_UNIT|generic_register:IR ;
+----------------+-------+----------------------------------------------------------------+
; Parameter Name ; Value ; Type                                                           ;
+----------------+-------+----------------------------------------------------------------+
; WORD           ; 16    ; Signed Integer                                                 ;
+----------------+-------+----------------------------------------------------------------+
Note: In order to hide this table in the UI and the text report file, please set the "Show Parameter Settings in Synthesis Report" option in "Analysis and Synthesis Settings -> More Settings" to "Off".


+------------------------------------------------------------------------------------------------------+
; Parameter Settings for User Entity Instance: Datapath:DATAPATH_UNIT|generic_register:IR|MUX_8_1:mux1 ;
+----------------+-------+-----------------------------------------------------------------------------+
; Parameter Name ; Value ; Type                                                                        ;
+----------------+-------+-----------------------------------------------------------------------------+
; WORD           ; 16    ; Signed Integer                                                              ;
+----------------+-------+-----------------------------------------------------------------------------+
Note: In order to hide this table in the UI and the text report file, please set the "Show Parameter Settings in Synthesis Report" option in "Analysis and Synthesis Settings -> More Settings" to "Off".


+-----------------------------------------------------------------------------------------+
; Parameter Settings for User Entity Instance: Datapath:DATAPATH_UNIT|generic_register:TR ;
+----------------+-------+----------------------------------------------------------------+
; Parameter Name ; Value ; Type                                                           ;
+----------------+-------+----------------------------------------------------------------+
; WORD           ; 16    ; Signed Integer                                                 ;
+----------------+-------+----------------------------------------------------------------+
Note: In order to hide this table in the UI and the text report file, please set the "Show Parameter Settings in Synthesis Report" option in "Analysis and Synthesis Settings -> More Settings" to "Off".


+------------------------------------------------------------------------------------------------------+
; Parameter Settings for User Entity Instance: Datapath:DATAPATH_UNIT|generic_register:TR|MUX_8_1:mux1 ;
+----------------+-------+-----------------------------------------------------------------------------+
; Parameter Name ; Value ; Type                                                                        ;
+----------------+-------+-----------------------------------------------------------------------------+
; WORD           ; 16    ; Signed Integer                                                              ;
+----------------+-------+-----------------------------------------------------------------------------+
Note: In order to hide this table in the UI and the text report file, please set the "Show Parameter Settings in Synthesis Report" option in "Analysis and Synthesis Settings -> More Settings" to "Off".


+--------------------------------------------------------------------------------------------+
; Parameter Settings for User Entity Instance: Datapath:DATAPATH_UNIT|generic_register:CO_FF ;
+----------------+-------+-------------------------------------------------------------------+
; Parameter Name ; Value ; Type                                                              ;
+----------------+-------+-------------------------------------------------------------------+
; WORD           ; 1     ; Unsigned Binary                                                   ;
+----------------+-------+-------------------------------------------------------------------+
Note: In order to hide this table in the UI and the text report file, please set the "Show Parameter Settings in Synthesis Report" option in "Analysis and Synthesis Settings -> More Settings" to "Off".


+---------------------------------------------------------------------------------------------------------+
; Parameter Settings for User Entity Instance: Datapath:DATAPATH_UNIT|generic_register:CO_FF|MUX_8_1:mux1 ;
+----------------+-------+--------------------------------------------------------------------------------+
; Parameter Name ; Value ; Type                                                                           ;
+----------------+-------+--------------------------------------------------------------------------------+
; WORD           ; 1     ; Unsigned Binary                                                                ;
+----------------+-------+--------------------------------------------------------------------------------+
Note: In order to hide this table in the UI and the text report file, please set the "Show Parameter Settings in Synthesis Report" option in "Analysis and Synthesis Settings -> More Settings" to "Off".


+---------------------------------------------------------------------------------------------+
; Parameter Settings for User Entity Instance: Datapath:DATAPATH_UNIT|generic_register:IEN_FF ;
+----------------+-------+--------------------------------------------------------------------+
; Parameter Name ; Value ; Type                                                               ;
+----------------+-------+--------------------------------------------------------------------+
; WORD           ; 1     ; Unsigned Binary                                                    ;
+----------------+-------+--------------------------------------------------------------------+
Note: In order to hide this table in the UI and the text report file, please set the "Show Parameter Settings in Synthesis Report" option in "Analysis and Synthesis Settings -> More Settings" to "Off".


+----------------------------------------------------------------------------------------------------------+
; Parameter Settings for User Entity Instance: Datapath:DATAPATH_UNIT|generic_register:IEN_FF|MUX_8_1:mux1 ;
+----------------+-------+---------------------------------------------------------------------------------+
; Parameter Name ; Value ; Type                                                                            ;
+----------------+-------+---------------------------------------------------------------------------------+
; WORD           ; 1     ; Unsigned Binary                                                                 ;
+----------------+-------+---------------------------------------------------------------------------------+
Note: In order to hide this table in the UI and the text report file, please set the "Show Parameter Settings in Synthesis Report" option in "Analysis and Synthesis Settings -> More Settings" to "Off".


+--------------------------------------------------------------------------------------------------------------+
; Parameter Settings for Inferred Entity Instance: Datapath:DATAPATH_UNIT|MemoryUnit:M|altsyncram:memory_rtl_0 ;
+------------------------------------+------------------------------------------+------------------------------+
; Parameter Name                     ; Value                                    ; Type                         ;
+------------------------------------+------------------------------------------+------------------------------+
; BYTE_SIZE_BLOCK                    ; 8                                        ; Untyped                      ;
; AUTO_CARRY_CHAINS                  ; ON                                       ; AUTO_CARRY                   ;
; IGNORE_CARRY_BUFFERS               ; OFF                                      ; IGNORE_CARRY                 ;
; AUTO_CASCADE_CHAINS                ; ON                                       ; AUTO_CASCADE                 ;
; IGNORE_CASCADE_BUFFERS             ; OFF                                      ; IGNORE_CASCADE               ;
; WIDTH_BYTEENA                      ; 1                                        ; Untyped                      ;
; OPERATION_MODE                     ; DUAL_PORT                                ; Untyped                      ;
; WIDTH_A                            ; 16                                       ; Untyped                      ;
; WIDTHAD_A                          ; 12                                       ; Untyped                      ;
; NUMWORDS_A                         ; 4096                                     ; Untyped                      ;
; OUTDATA_REG_A                      ; UNREGISTERED                             ; Untyped                      ;
; ADDRESS_ACLR_A                     ; NONE                                     ; Untyped                      ;
; OUTDATA_ACLR_A                     ; NONE                                     ; Untyped                      ;
; WRCONTROL_ACLR_A                   ; NONE                                     ; Untyped                      ;
; INDATA_ACLR_A                      ; NONE                                     ; Untyped                      ;
; BYTEENA_ACLR_A                     ; NONE                                     ; Untyped                      ;
; WIDTH_B                            ; 16                                       ; Untyped                      ;
; WIDTHAD_B                          ; 12                                       ; Untyped                      ;
; NUMWORDS_B                         ; 4096                                     ; Untyped                      ;
; INDATA_REG_B                       ; CLOCK1                                   ; Untyped                      ;
; WRCONTROL_WRADDRESS_REG_B          ; CLOCK1                                   ; Untyped                      ;
; RDCONTROL_REG_B                    ; CLOCK1                                   ; Untyped                      ;
; ADDRESS_REG_B                      ; CLOCK0                                   ; Untyped                      ;
; OUTDATA_REG_B                      ; UNREGISTERED                             ; Untyped                      ;
; BYTEENA_REG_B                      ; CLOCK1                                   ; Untyped                      ;
; INDATA_ACLR_B                      ; NONE                                     ; Untyped                      ;
; WRCONTROL_ACLR_B                   ; NONE                                     ; Untyped                      ;
; ADDRESS_ACLR_B                     ; NONE                                     ; Untyped                      ;
; OUTDATA_ACLR_B                     ; NONE                                     ; Untyped                      ;
; RDCONTROL_ACLR_B                   ; NONE                                     ; Untyped                      ;
; BYTEENA_ACLR_B                     ; NONE                                     ; Untyped                      ;
; WIDTH_BYTEENA_A                    ; 1                                        ; Untyped                      ;
; WIDTH_BYTEENA_B                    ; 1                                        ; Untyped                      ;
; RAM_BLOCK_TYPE                     ; AUTO                                     ; Untyped                      ;
; BYTE_SIZE                          ; 8                                        ; Untyped                      ;
; READ_DURING_WRITE_MODE_MIXED_PORTS ; DONT_CARE                                ; Untyped                      ;
; READ_DURING_WRITE_MODE_PORT_A      ; NEW_DATA_NO_NBE_READ                     ; Untyped                      ;
; READ_DURING_WRITE_MODE_PORT_B      ; NEW_DATA_NO_NBE_READ                     ; Untyped                      ;
; INIT_FILE                          ; db/BC_I.ram0_MemoryUnit_78953b23.hdl.mif ; Untyped                      ;
; INIT_FILE_LAYOUT                   ; PORT_A                                   ; Untyped                      ;
; MAXIMUM_DEPTH                      ; 0                                        ; Untyped                      ;
; CLOCK_ENABLE_INPUT_A               ; NORMAL                                   ; Untyped                      ;
; CLOCK_ENABLE_INPUT_B               ; NORMAL                                   ; Untyped                      ;
; CLOCK_ENABLE_OUTPUT_A              ; NORMAL                                   ; Untyped                      ;
; CLOCK_ENABLE_OUTPUT_B              ; NORMAL                                   ; Untyped                      ;
; CLOCK_ENABLE_CORE_A                ; USE_INPUT_CLKEN                          ; Untyped                      ;
; CLOCK_ENABLE_CORE_B                ; USE_INPUT_CLKEN                          ; Untyped                      ;
; ENABLE_ECC                         ; FALSE                                    ; Untyped                      ;
; ECC_PIPELINE_STAGE_ENABLED         ; FALSE                                    ; Untyped                      ;
; WIDTH_ECCSTATUS                    ; 3                                        ; Untyped                      ;
; DEVICE_FAMILY                      ; Cyclone V                                ; Untyped                      ;
; CBXI_PARAMETER                     ; altsyncram_ken1                          ; Untyped                      ;
+------------------------------------+------------------------------------------+------------------------------+
Note: In order to hide this table in the UI and the text report file, please set the "Show Parameter Settings in Synthesis Report" option in "Analysis and Synthesis Settings -> More Settings" to "Off".


+---------------------------------------------------------------------------------------------------------+
; altsyncram Parameter Settings by Entity Instance                                                        ;
+-------------------------------------------+-------------------------------------------------------------+
; Name                                      ; Value                                                       ;
+-------------------------------------------+-------------------------------------------------------------+
; Number of entity instances                ; 1                                                           ;
; Entity Instance                           ; Datapath:DATAPATH_UNIT|MemoryUnit:M|altsyncram:memory_rtl_0 ;
;     -- OPERATION_MODE                     ; DUAL_PORT                                                   ;
;     -- WIDTH_A                            ; 16                                                          ;
;     -- NUMWORDS_A                         ; 4096                                                        ;
;     -- OUTDATA_REG_A                      ; UNREGISTERED                                                ;
;     -- WIDTH_B                            ; 16                                                          ;
;     -- NUMWORDS_B                         ; 4096                                                        ;
;     -- ADDRESS_REG_B                      ; CLOCK0                                                      ;
;     -- OUTDATA_REG_B                      ; UNREGISTERED                                                ;
;     -- RAM_BLOCK_TYPE                     ; AUTO                                                        ;
;     -- READ_DURING_WRITE_MODE_MIXED_PORTS ; DONT_CARE                                                   ;
+-------------------------------------------+-------------------------------------------------------------+


+----------------------------------------------------------------------------+
; Port Connectivity Checks: "Datapath:DATAPATH_UNIT|generic_register:IEN_FF" ;
+------+-------+----------+--------------------------------------------------+
; Port ; Type  ; Severity ; Details                                          ;
+------+-------+----------+--------------------------------------------------+
; incr ; Input ; Info     ; Stuck at GND                                     ;
; DATA ; Input ; Info     ; Stuck at VCC                                     ;
+------+-------+----------+--------------------------------------------------+


+-------------------------------------------------------------------------------------+
; Port Connectivity Checks: "Datapath:DATAPATH_UNIT|generic_register:DR|MUX_8_1:mux1" ;
+------+-------+----------+-----------------------------------------------------------+
; Port ; Type  ; Severity ; Details                                                   ;
+------+-------+----------+-----------------------------------------------------------+
; IN_4 ; Input ; Info     ; Stuck at GND                                              ;
; IN_5 ; Input ; Info     ; Stuck at GND                                              ;
; IN_6 ; Input ; Info     ; Stuck at GND                                              ;
; IN_7 ; Input ; Info     ; Stuck at GND                                              ;
+------+-------+----------+-----------------------------------------------------------+


+-------------------------------------------------------------------------------------+
; Port Connectivity Checks: "Datapath:DATAPATH_UNIT|generic_register:AR|MUX_8_1:mux1" ;
+------+-------+----------+-----------------------------------------------------------+
; Port ; Type  ; Severity ; Details                                                   ;
+------+-------+----------+-----------------------------------------------------------+
; IN_4 ; Input ; Info     ; Stuck at GND                                              ;
; IN_5 ; Input ; Info     ; Stuck at GND                                              ;
; IN_6 ; Input ; Info     ; Stuck at GND                                              ;
; IN_7 ; Input ; Info     ; Stuck at GND                                              ;
+------+-------+----------+-----------------------------------------------------------+


+----------------------------------------------------------------+
; Port Connectivity Checks: "Datapath:DATAPATH_UNIT|MUX_8_1:BUS" ;
+--------------+-------+----------+------------------------------+
; Port         ; Type  ; Severity ; Details                      ;
+--------------+-------+----------+------------------------------+
; IN_0         ; Input ; Info     ; Stuck at GND                 ;
; IN_1[15..12] ; Input ; Info     ; Stuck at GND                 ;
; IN_2[15..12] ; Input ; Info     ; Stuck at GND                 ;
+--------------+-------+----------+------------------------------+


+-------------------------------------------------------------------------------------------------------------------+
; Port Connectivity Checks: "Datapath:DATAPATH_UNIT"                                                                ;
+---------+--------+----------+-------------------------------------------------------------------------------------+
; Port    ; Type   ; Severity ; Details                                                                             ;
+---------+--------+----------+-------------------------------------------------------------------------------------+
; BUS_OUT ; Output ; Info     ; Connected to dangling logic. Logic that only feeds a dangling port will be removed. ;
+---------+--------+----------+-------------------------------------------------------------------------------------+


+---------------------------------------------------------------------------+
; Port Connectivity Checks: "Controller:CONTROL_UNIT|generic_register:S_FF" ;
+------+-------+----------+-------------------------------------------------+
; Port ; Type  ; Severity ; Details                                         ;
+------+-------+----------+-------------------------------------------------+
; incr ; Input ; Info     ; Stuck at GND                                    ;
; DATA ; Input ; Info     ; Stuck at VCC                                    ;
+------+-------+----------+-------------------------------------------------+


+---------------------------------------------------------------------------+
; Port Connectivity Checks: "Controller:CONTROL_UNIT|generic_register:R_FF" ;
+------+-------+----------+-------------------------------------------------+
; Port ; Type  ; Severity ; Details                                         ;
+------+-------+----------+-------------------------------------------------+
; incr ; Input ; Info     ; Stuck at GND                                    ;
; DATA ; Input ; Info     ; Stuck at VCC                                    ;
+------+-------+----------+-------------------------------------------------+


+----------------------------------------------------------------------------------------+
; Port Connectivity Checks: "Controller:CONTROL_UNIT|generic_register:I_FF|MUX_8_1:mux1" ;
+------+-------+----------+--------------------------------------------------------------+
; Port ; Type  ; Severity ; Details                                                      ;
+------+-------+----------+--------------------------------------------------------------+
; IN_4 ; Input ; Info     ; Stuck at GND                                                 ;
; IN_5 ; Input ; Info     ; Stuck at GND                                                 ;
; IN_6 ; Input ; Info     ; Stuck at GND                                                 ;
; IN_7 ; Input ; Info     ; Stuck at GND                                                 ;
+------+-------+----------+--------------------------------------------------------------+


+---------------------------------------------------------------------------+
; Port Connectivity Checks: "Controller:CONTROL_UNIT|generic_register:I_FF" ;
+-------+-------+----------+------------------------------------------------+
; Port  ; Type  ; Severity ; Details                                        ;
+-------+-------+----------+------------------------------------------------+
; reset ; Input ; Info     ; Stuck at GND                                   ;
; incr  ; Input ; Info     ; Stuck at GND                                   ;
+-------+-------+----------+------------------------------------------------+


+-------------------------------+
; Elapsed Time Per Partition    ;
+----------------+--------------+
; Partition Name ; Elapsed Time ;
+----------------+--------------+
; Top            ; 00:00:01     ;
+----------------+--------------+


+-------------------------------+
; Analysis & Synthesis Messages ;
+-------------------------------+
Info: *******************************************************************
Info: Running Quartus II 64-Bit Analysis & Synthesis
    Info: Version 13.1.0 Build 162 10/23/2013 SJ Web Edition
    Info: Processing started: Thu Dec 05 23:14:40 2024
Info: Command: quartus_map --read_settings_files=on --write_settings_files=off BC_I -c BC_I
Info (20034): Auto device selection is not supported for Cyclone V device family. The default device, 5CGXFC7C7F23C8, is set.
Warning (20028): Parallel compilation is not licensed and has been disabled
Info (12021): Found 1 design units, including 1 entities, in source file sequence_counter.v
    Info (12023): Found entity 1: sequence_counter
Info (12021): Found 1 design units, including 1 entities, in source file mux_8_1.v
    Info (12023): Found entity 1: MUX_8_1
Info (12021): Found 1 design units, including 1 entities, in source file memoryunit.v
    Info (12023): Found entity 1: MemoryUnit
Info (12021): Found 1 design units, including 1 entities, in source file generic_register.v
    Info (12023): Found entity 1: generic_register
Info (12021): Found 1 design units, including 1 entities, in source file decoder_4to16.v
    Info (12023): Found entity 1: decoder_4to16
Info (12021): Found 1 design units, including 1 entities, in source file decoder_3to8.v
    Info (12023): Found entity 1: decoder_3to8
Info (12021): Found 1 design units, including 1 entities, in source file datapath.v
    Info (12023): Found entity 1: Datapath
Info (12021): Found 1 design units, including 1 entities, in source file controller.v
    Info (12023): Found entity 1: Controller
Info (12021): Found 1 design units, including 1 entities, in source file comb_control_logic.v
    Info (12023): Found entity 1: comb_control_logic
Info (12021): Found 1 design units, including 1 entities, in source file alu.v
    Info (12023): Found entity 1: ALU
Info (12021): Found 1 design units, including 1 entities, in source file bc_i.v
    Info (12023): Found entity 1: BC_I
Info (12127): Elaborating entity "BC_I" for the top level hierarchy
Info (12128): Elaborating entity "Controller" for hierarchy "Controller:CONTROL_UNIT"
Info (12128): Elaborating entity "generic_register" for hierarchy "Controller:CONTROL_UNIT|generic_register:I_FF"
Info (12128): Elaborating entity "MUX_8_1" for hierarchy "Controller:CONTROL_UNIT|generic_register:I_FF|MUX_8_1:mux1"
Info (12128): Elaborating entity "comb_control_logic" for hierarchy "Controller:CONTROL_UNIT|comb_control_logic:COMBCONTROL"
Info (10264): Verilog HDL Case Statement information at comb_control_logic.v(83): all case item expressions in this case statement are onehot
Info (10264): Verilog HDL Case Statement information at comb_control_logic.v(95): all case item expressions in this case statement are onehot
Info (12128): Elaborating entity "decoder_3to8" for hierarchy "Controller:CONTROL_UNIT|decoder_3to8:OPR_DECODER"
Info (12128): Elaborating entity "sequence_counter" for hierarchy "Controller:CONTROL_UNIT|sequence_counter:SC"
Info (12128): Elaborating entity "decoder_4to16" for hierarchy "Controller:CONTROL_UNIT|decoder_4to16:T_DECODER"
Info (12128): Elaborating entity "Datapath" for hierarchy "Datapath:DATAPATH_UNIT"
Info (12128): Elaborating entity "MUX_8_1" for hierarchy "Datapath:DATAPATH_UNIT|MUX_8_1:BUS"
Info (12128): Elaborating entity "ALU" for hierarchy "Datapath:DATAPATH_UNIT|ALU:ALU1"
Info (12128): Elaborating entity "MemoryUnit" for hierarchy "Datapath:DATAPATH_UNIT|MemoryUnit:M"
Info (12128): Elaborating entity "generic_register" for hierarchy "Datapath:DATAPATH_UNIT|generic_register:AR"
Info (12128): Elaborating entity "MUX_8_1" for hierarchy "Datapath:DATAPATH_UNIT|generic_register:AR|MUX_8_1:mux1"
Info (12128): Elaborating entity "generic_register" for hierarchy "Datapath:DATAPATH_UNIT|generic_register:DR"
Warning (127007): Memory Initialization File or Hexadecimal (Intel-Format) File "C:/Users/ugure/cocotb_BCI/hdl/BC_I/db/BC_I.ram0_MemoryUnit_78953b23.hdl.mif" contains "don't care" values -- overwriting them with 0s
Warning (276020): Inferred RAM node "Datapath:DATAPATH_UNIT|MemoryUnit:M|memory_rtl_0" from synchronous design logic.  Pass-through logic has been added to match the read-during-write behavior of the original design.
Info (19000): Inferred 1 megafunctions from design logic
    Info (276029): Inferred altsyncram megafunction from the following design logic: "Datapath:DATAPATH_UNIT|MemoryUnit:M|memory_rtl_0" 
        Info (286033): Parameter OPERATION_MODE set to DUAL_PORT
        Info (286033): Parameter WIDTH_A set to 16
        Info (286033): Parameter WIDTHAD_A set to 12
        Info (286033): Parameter NUMWORDS_A set to 4096
        Info (286033): Parameter WIDTH_B set to 16
        Info (286033): Parameter WIDTHAD_B set to 12
        Info (286033): Parameter NUMWORDS_B set to 4096
        Info (286033): Parameter ADDRESS_ACLR_A set to NONE
        Info (286033): Parameter OUTDATA_REG_B set to UNREGISTERED
        Info (286033): Parameter ADDRESS_ACLR_B set to NONE
        Info (286033): Parameter OUTDATA_ACLR_B set to NONE
        Info (286033): Parameter ADDRESS_REG_B set to CLOCK0
        Info (286033): Parameter INDATA_ACLR_A set to NONE
        Info (286033): Parameter WRCONTROL_ACLR_A set to NONE
        Info (286033): Parameter INIT_FILE set to db/BC_I.ram0_MemoryUnit_78953b23.hdl.mif
Info (12130): Elaborated megafunction instantiation "Datapath:DATAPATH_UNIT|MemoryUnit:M|altsyncram:memory_rtl_0"
Info (12133): Instantiated megafunction "Datapath:DATAPATH_UNIT|MemoryUnit:M|altsyncram:memory_rtl_0" with the following parameter:
    Info (12134): Parameter "OPERATION_MODE" = "DUAL_PORT"
    Info (12134): Parameter "WIDTH_A" = "16"
    Info (12134): Parameter "WIDTHAD_A" = "12"
    Info (12134): Parameter "NUMWORDS_A" = "4096"
    Info (12134): Parameter "WIDTH_B" = "16"
    Info (12134): Parameter "WIDTHAD_B" = "12"
    Info (12134): Parameter "NUMWORDS_B" = "4096"
    Info (12134): Parameter "ADDRESS_ACLR_A" = "NONE"
    Info (12134): Parameter "OUTDATA_REG_B" = "UNREGISTERED"
    Info (12134): Parameter "ADDRESS_ACLR_B" = "NONE"
    Info (12134): Parameter "OUTDATA_ACLR_B" = "NONE"
    Info (12134): Parameter "ADDRESS_REG_B" = "CLOCK0"
    Info (12134): Parameter "INDATA_ACLR_A" = "NONE"
    Info (12134): Parameter "WRCONTROL_ACLR_A" = "NONE"
    Info (12134): Parameter "INIT_FILE" = "db/BC_I.ram0_MemoryUnit_78953b23.hdl.mif"
Info (12021): Found 1 design units, including 1 entities, in source file db/altsyncram_ken1.tdf
    Info (12023): Found entity 1: altsyncram_ken1
Warning (127007): Memory Initialization File or Hexadecimal (Intel-Format) File "C:/Users/ugure/cocotb_BCI/hdl/BC_I/db/BC_I.ram0_MemoryUnit_78953b23.hdl.mif" contains "don't care" values -- overwriting them with 0s
Warning (127007): Memory Initialization File or Hexadecimal (Intel-Format) File "C:/Users/ugure/cocotb_BCI/hdl/BC_I/db/BC_I.ram0_MemoryUnit_78953b23.hdl.mif" contains "don't care" values -- overwriting them with 0s
Info (286030): Timing-Driven Synthesis is running
Info (144001): Generated suppressed messages file C:/Users/ugure/cocotb_BCI/hdl/BC_I/output_files/BC_I.map.smsg
Info (16010): Generating hard_block partition "hard_block:auto_generated_inst"
    Info (16011): Adding 0 node(s), including 0 DDIO, 0 PLL, 0 transceiver and 0 LCELL
Info (21057): Implemented 453 device resources after synthesis - the final resource count might be different
    Info (21058): Implemented 2 input pins
    Info (21059): Implemented 72 output pins
    Info (21061): Implemented 363 logic cells
    Info (21064): Implemented 16 RAM segments
Info: Quartus II 64-Bit Analysis & Synthesis was successful. 0 errors, 5 warnings
    Info: Peak virtual memory: 4682 megabytes
    Info: Processing ended: Thu Dec 05 23:14:47 2024
    Info: Elapsed time: 00:00:07
    Info: Total CPU time (on all processors): 00:00:01


+------------------------------------------+
; Analysis & Synthesis Suppressed Messages ;
+------------------------------------------+
The suppressed messages can be found in C:/Users/ugure/cocotb_BCI/hdl/BC_I/output_files/BC_I.map.smsg.


